PetsApp/app/build/generated/intermediates/manifest_merge_blame_file/debug/manifest-merger-blame-debug-report.txt
1<?xml version="1.0" encoding="utf-8"?>
2<manifest xmlns:android="http://schemas.android.com/apk/res/android"
3    package="com.letcodetogether.petsdata"
4    android:versionCode="1"
5    android:versionName="1.0" >
6
7    <uses-sdk
8        android:minSdkVersion="16"
8-->src\main\AndroidManifest.xml
9        android:targetSdkVersion="30" />
9-->src\main\AndroidManifest.xml
10
11    <application
11-->src\main\AndroidManifest.xml:5:5-40:19
12        android:allowBackup="true"
12-->src\main\AndroidManifest.xml:6:9-35
13        android:appComponentFactory="androidx.core.app.CoreComponentFactory"
13-->[androidx.core:core:1.3.1] AndroidManifest.xml:24:18-86
14        android:debuggable="true"
15        android:icon="@mipmap/ic_launcher"
15-->src\main\AndroidManifest.xml:7:9-43
16        android:label="@string/app_name"
16-->src\main\AndroidManifest.xml:8:9-41
17        android:roundIcon="@mipmap/ic_launcher"
17-->src\main\AndroidManifest.xml:9:9-48
18        android:supportsRtl="true"
18-->src\main\AndroidManifest.xml:10:9-35
19        android:testOnly="true"
20        android:theme="@style/Theme.PetsData" >
20-->src\main\AndroidManifest.xml:11:9-46
21        <activity
21-->src\main\AndroidManifest.xml:12:9-20:20
22            android:name="com.letcodetogether.petsdata.MainActivity"
22-->src\main\AndroidManifest.xml:13:13-41
23            android:label="@string/app_name"
23-->src\main\AndroidManifest.xml:14:13-45
24            android:theme="@style/Theme.PetsData.NoActionBar" >
24-->src\main\AndroidManifest.xml:15:13-62
25            <intent-filter>
25-->src\main\AndroidManifest.xml:16:13-19:29
26                <action android:name="android.intent.action.MAIN" />
26-->src\main\AndroidManifest.xml:17:17-69
26-->src\main\AndroidManifest.xml:17:25-66
27
28                <category android:name="android.intent.category.LAUNCHER" />
28-->src\main\AndroidManifest.xml:18:17-77
28-->src\main\AndroidManifest.xml:18:27-74
29            </intent-filter>
30        </activity>
31        <activity
31-->src\main\AndroidManifest.xml:21:9-30:20
32            android:name="com.letcodetogether.petsdata.EditorActivity"
32-->src\main\AndroidManifest.xml:22:13-43
33            android:label="Add a Pet"
33-->src\main\AndroidManifest.xml:23:13-38
34            android:parentActivityName="com.letcodetogether.petsdata.MainActivity"
34-->src\main\AndroidManifest.xml:25:13-55
35            android:theme="@style/EditorTheme" >
35-->src\main\AndroidManifest.xml:24:13-47
36
37            <!-- Parent activity meta-data to support 4.0 and lower -->
38            <meta-data
38-->src\main\AndroidManifest.xml:27:13-29:49
39                android:name="android.support.PARENT_ACTIVITY"
39-->src\main\AndroidManifest.xml:28:17-63
40                android:value=".MainActivity" />
40-->src\main\AndroidManifest.xml:29:17-46
41        </activity>
42
43        <!-- <provider -->
44        <!-- android:authorities="com.letcodetogether.petsdata" -->
45        <!-- android:grantUriPermissions="true" -->
46        <!-- android:readPermission="com.letcodetogether.petsdata.READ" -->
47        <!-- android:writePermission="com.letcodetogether.petsdata.WRITE" -->
48        <!-- android:exported="false" -->
49        <!-- android:name=".PetProvider" /> -->
50
51    </application>
52
53</manifest>